2025-12-08 13:45:39,666 - skin_cancer_model - INFO - Journaliseur du package skin_cancer_model initialisé.
2025-12-08 13:45:39,666 - skin_cancer_model.__init__ - INFO - Journaliseur du package skin_cancer_model.__init__ initialisé.
2025-12-08 13:45:59,406 - skin_cancer_model.__init__ - INFO - Tentative de chargement du modèle: C:\Users\yvonne\Documents\cours-A61-tp\A61-2025\packages\skin_cancer_model\skin_cancer_model\skin_cancer_model_v.0.0.1.pt
2025-12-08 13:46:09,505 - skin_cancer_model - INFO - Journaliseur du package skin_cancer_model initialisé.
2025-12-08 13:46:09,512 - skin_cancer_model.__init__ - INFO - Journaliseur du package skin_cancer_model.__init__ initialisé.
2025-12-08 13:46:15,074 - skin_cancer_model.__init__ - INFO - Tentative de chargement du modèle: C:\Users\yvonne\Documents\cours-A61-tp\A61-2025\packages\skin_cancer_model\skin_cancer_model\skin_cancer_model_v.0.0.1.pt
2025-12-08 13:48:35,036 - skin_cancer_model.__init__ - INFO - Vérification et normalisation de l'image réussies.
2025-12-08 13:50:13,784 - skin_cancer_model.__init__ - INFO - Vérification et normalisation de l'image réussies.
2025-12-08 14:35:47,913 - skin_cancer_model - INFO - Journaliseur du package skin_cancer_model initialisé (v0.0.1).
2025-12-08 14:35:47,913 - skin_cancer_model.__init__ - INFO - Journaliseur du package skin_cancer_model.__init__ initialisé (v0.0.1).
2025-12-08 14:36:32,310 - skin_cancer_model.__init__ - ERROR - Erreur inattendue lors du chargement du modèle: Error(s) in loading state_dict for SkinCancerModel:
	Missing key(s) in state_dict: "cnn_backbone.conv1.weight", "cnn_backbone.bn1.weight", "cnn_backbone.bn1.bias", "cnn_backbone.bn1.running_mean", "cnn_backbone.bn1.running_var", "cnn_backbone.layer1.0.conv1.weight", "cnn_backbone.layer1.0.bn1.weight", "cnn_backbone.layer1.0.bn1.bias", "cnn_backbone.layer1.0.bn1.running_mean", "cnn_backbone.layer1.0.bn1.running_var", "cnn_backbone.layer1.0.conv2.weight", "cnn_backbone.layer1.0.bn2.weight", "cnn_backbone.layer1.0.bn2.bias", "cnn_backbone.layer1.0.bn2.running_mean", "cnn_backbone.layer1.0.bn2.running_var", "cnn_backbone.layer1.1.conv1.weight", "cnn_backbone.layer1.1.bn1.weight", "cnn_backbone.layer1.1.bn1.bias", "cnn_backbone.layer1.1.bn1.running_mean", "cnn_backbone.layer1.1.bn1.running_var", "cnn_backbone.layer1.1.conv2.weight", "cnn_backbone.layer1.1.bn2.weight", "cnn_backbone.layer1.1.bn2.bias", "cnn_backbone.layer1.1.bn2.running_mean", "cnn_backbone.layer1.1.bn2.running_var", "cnn_backbone.layer2.0.conv1.weight", "cnn_backbone.layer2.0.bn1.weight", "cnn_backbone.layer2.0.bn1.bias", "cnn_backbone.layer2.0.bn1.running_mean", "cnn_backbone.layer2.0.bn1.running_var", "cnn_backbone.layer2.0.conv2.weight", "cnn_backbone.layer2.0.bn2.weight", "cnn_backbone.layer2.0.bn2.bias", "cnn_backbone.layer2.0.bn2.running_mean", "cnn_backbone.layer2.0.bn2.running_var", "cnn_backbone.layer2.0.downsample.0.weight", "cnn_backbone.layer2.0.downsample.1.weight", "cnn_backbone.layer2.0.downsample.1.bias", "cnn_backbone.layer2.0.downsample.1.running_mean", "cnn_backbone.layer2.0.downsample.1.running_var", "cnn_backbone.layer2.1.conv1.weight", "cnn_backbone.layer2.1.bn1.weight", "cnn_backbone.layer2.1.bn1.bias", "cnn_backbone.layer2.1.bn1.running_mean", "cnn_backbone.layer2.1.bn1.running_var", "cnn_backbone.layer2.1.conv2.weight", "cnn_backbone.layer2.1.bn2.weight", "cnn_backbone.layer2.1.bn2.bias", "cnn_backbone.layer2.1.bn2.running_mean", "cnn_backbone.layer2.1.bn2.running_var", "cnn_backbone.layer3.0.conv1.weight", "cnn_backbone.layer3.0.bn1.weight", "cnn_backbone.layer3.0.bn1.bias", "cnn_backbone.layer3.0.bn1.running_mean", "cnn_backbone.layer3.0.bn1.running_var", "cnn_backbone.layer3.0.conv2.weight", "cnn_backbone.layer3.0.bn2.weight", "cnn_backbone.layer3.0.bn2.bias", "cnn_backbone.layer3.0.bn2.running_mean", "cnn_backbone.layer3.0.bn2.running_var", "cnn_backbone.layer3.0.downsample.0.weight", "cnn_backbone.layer3.0.downsample.1.weight", "cnn_backbone.layer3.0.downsample.1.bias", "cnn_backbone.layer3.0.downsample.1.running_mean", "cnn_backbone.layer3.0.downsample.1.running_var", "cnn_backbone.layer3.1.conv1.weight", "cnn_backbone.layer3.1.bn1.weight", "cnn_backbone.layer3.1.bn1.bias", "cnn_backbone.layer3.1.bn1.running_mean", "cnn_backbone.layer3.1.bn1.running_var", "cnn_backbone.layer3.1.conv2.weight", "cnn_backbone.layer3.1.bn2.weight", "cnn_backbone.layer3.1.bn2.bias", "cnn_backbone.layer3.1.bn2.running_mean", "cnn_backbone.layer3.1.bn2.running_var", "cnn_backbone.layer4.0.conv1.weight", "cnn_backbone.layer4.0.bn1.weight", "cnn_backbone.layer4.0.bn1.bias", "cnn_backbone.layer4.0.bn1.running_mean", "cnn_backbone.layer4.0.bn1.running_var", "cnn_backbone.layer4.0.conv2.weight", "cnn_backbone.layer4.0.bn2.weight", "cnn_backbone.layer4.0.bn2.bias", "cnn_backbone.layer4.0.bn2.running_mean", "cnn_backbone.layer4.0.bn2.running_var", "cnn_backbone.layer4.0.downsample.0.weight", "cnn_backbone.layer4.0.downsample.1.weight", "cnn_backbone.layer4.0.downsample.1.bias", "cnn_backbone.layer4.0.downsample.1.running_mean", "cnn_backbone.layer4.0.downsample.1.running_var", "cnn_backbone.layer4.1.conv1.weight", "cnn_backbone.layer4.1.bn1.weight", "cnn_backbone.layer4.1.bn1.bias", "cnn_backbone.layer4.1.bn1.running_mean", "cnn_backbone.layer4.1.bn1.running_var", "cnn_backbone.layer4.1.conv2.weight", "cnn_backbone.layer4.1.bn2.weight", "cnn_backbone.layer4.1.bn2.bias", "cnn_backbone.layer4.1.bn2.running_mean", "cnn_backbone.layer4.1.bn2.running_var", "metadata_head.0.weight", "metadata_head.0.bias", "metadata_head.2.weight", "metadata_head.2.bias", "classifier.0.weight", "classifier.0.bias", "classifier.2.weight", "classifier.2.bias". 
	Unexpected key(s) in state_dict: "cnn.conv1.weight", "cnn.bn1.weight", "cnn.bn1.bias", "cnn.bn1.running_mean", "cnn.bn1.running_var", "cnn.bn1.num_batches_tracked", "cnn.layer1.0.conv1.weight", "cnn.layer1.0.bn1.weight", "cnn.layer1.0.bn1.bias", "cnn.layer1.0.bn1.running_mean", "cnn.layer1.0.bn1.running_var", "cnn.layer1.0.bn1.num_batches_tracked", "cnn.layer1.0.conv2.weight", "cnn.layer1.0.bn2.weight", "cnn.layer1.0.bn2.bias", "cnn.layer1.0.bn2.running_mean", "cnn.layer1.0.bn2.running_var", "cnn.layer1.0.bn2.num_batches_tracked", "cnn.layer1.1.conv1.weight", "cnn.layer1.1.bn1.weight", "cnn.layer1.1.bn1.bias", "cnn.layer1.1.bn1.running_mean", "cnn.layer1.1.bn1.running_var", "cnn.layer1.1.bn1.num_batches_tracked", "cnn.layer1.1.conv2.weight", "cnn.layer1.1.bn2.weight", "cnn.layer1.1.bn2.bias", "cnn.layer1.1.bn2.running_mean", "cnn.layer1.1.bn2.running_var", "cnn.layer1.1.bn2.num_batches_tracked", "cnn.layer2.0.conv1.weight", "cnn.layer2.0.bn1.weight", "cnn.layer2.0.bn1.bias", "cnn.layer2.0.bn1.running_mean", "cnn.layer2.0.bn1.running_var", "cnn.layer2.0.bn1.num_batches_tracked", "cnn.layer2.0.conv2.weight", "cnn.layer2.0.bn2.weight", "cnn.layer2.0.bn2.bias", "cnn.layer2.0.bn2.running_mean", "cnn.layer2.0.bn2.running_var", "cnn.layer2.0.bn2.num_batches_tracked", "cnn.layer2.0.downsample.0.weight", "cnn.layer2.0.downsample.1.weight", "cnn.layer2.0.downsample.1.bias", "cnn.layer2.0.downsample.1.running_mean", "cnn.layer2.0.downsample.1.running_var", "cnn.layer2.0.downsample.1.num_batches_tracked", "cnn.layer2.1.conv1.weight", "cnn.layer2.1.bn1.weight", "cnn.layer2.1.bn1.bias", "cnn.layer2.1.bn1.running_mean", "cnn.layer2.1.bn1.running_var", "cnn.layer2.1.bn1.num_batches_tracked", "cnn.layer2.1.conv2.weight", "cnn.layer2.1.bn2.weight", "cnn.layer2.1.bn2.bias", "cnn.layer2.1.bn2.running_mean", "cnn.layer2.1.bn2.running_var", "cnn.layer2.1.bn2.num_batches_tracked", "cnn.layer3.0.conv1.weight", "cnn.layer3.0.bn1.weight", "cnn.layer3.0.bn1.bias", "cnn.layer3.0.bn1.running_mean", "cnn.layer3.0.bn1.running_var", "cnn.layer3.0.bn1.num_batches_tracked", "cnn.layer3.0.conv2.weight", "cnn.layer3.0.bn2.weight", "cnn.layer3.0.bn2.bias", "cnn.layer3.0.bn2.running_mean", "cnn.layer3.0.bn2.running_var", "cnn.layer3.0.bn2.num_batches_tracked", "cnn.layer3.0.downsample.0.weight", "cnn.layer3.0.downsample.1.weight", "cnn.layer3.0.downsample.1.bias", "cnn.layer3.0.downsample.1.running_mean", "cnn.layer3.0.downsample.1.running_var", "cnn.layer3.0.downsample.1.num_batches_tracked", "cnn.layer3.1.conv1.weight", "cnn.layer3.1.bn1.weight", "cnn.layer3.1.bn1.bias", "cnn.layer3.1.bn1.running_mean", "cnn.layer3.1.bn1.running_var", "cnn.layer3.1.bn1.num_batches_tracked", "cnn.layer3.1.conv2.weight", "cnn.layer3.1.bn2.weight", "cnn.layer3.1.bn2.bias", "cnn.layer3.1.bn2.running_mean", "cnn.layer3.1.bn2.running_var", "cnn.layer3.1.bn2.num_batches_tracked", "cnn.layer4.0.conv1.weight", "cnn.layer4.0.bn1.weight", "cnn.layer4.0.bn1.bias", "cnn.layer4.0.bn1.running_mean", "cnn.layer4.0.bn1.running_var", "cnn.layer4.0.bn1.num_batches_tracked", "cnn.layer4.0.conv2.weight", "cnn.layer4.0.bn2.weight", "cnn.layer4.0.bn2.bias", "cnn.layer4.0.bn2.running_mean", "cnn.layer4.0.bn2.running_var", "cnn.layer4.0.bn2.num_batches_tracked", "cnn.layer4.0.downsample.0.weight", "cnn.layer4.0.downsample.1.weight", "cnn.layer4.0.downsample.1.bias", "cnn.layer4.0.downsample.1.running_mean", "cnn.layer4.0.downsample.1.running_var", "cnn.layer4.0.downsample.1.num_batches_tracked", "cnn.layer4.1.conv1.weight", "cnn.layer4.1.bn1.weight", "cnn.layer4.1.bn1.bias", "cnn.layer4.1.bn1.running_mean", "cnn.layer4.1.bn1.running_var", "cnn.layer4.1.bn1.num_batches_tracked", "cnn.layer4.1.conv2.weight", "cnn.layer4.1.bn2.weight", "cnn.layer4.1.bn2.bias", "cnn.layer4.1.bn2.running_mean", "cnn.layer4.1.bn2.running_var", "cnn.layer4.1.bn2.num_batches_tracked", "loc_emb.weight", "fc.0.weight", "fc.0.bias", "fc.3.weight", "fc.3.bias". 
2025-12-08 14:37:28,529 - skin_cancer_model - INFO - Journaliseur du package skin_cancer_model initialisé (v0.0.1).
2025-12-08 14:37:28,529 - skin_cancer_model.__init__ - INFO - Journaliseur du package skin_cancer_model.__init__ initialisé (v0.0.1).
2025-12-08 14:37:35,004 - skin_cancer_model.__init__ - ERROR - Erreur inattendue lors du chargement du modèle: Error(s) in loading state_dict for SkinCancerModel:
	Missing key(s) in state_dict: "cnn_backbone.conv1.weight", "cnn_backbone.bn1.weight", "cnn_backbone.bn1.bias", "cnn_backbone.bn1.running_mean", "cnn_backbone.bn1.running_var", "cnn_backbone.layer1.0.conv1.weight", "cnn_backbone.layer1.0.bn1.weight", "cnn_backbone.layer1.0.bn1.bias", "cnn_backbone.layer1.0.bn1.running_mean", "cnn_backbone.layer1.0.bn1.running_var", "cnn_backbone.layer1.0.conv2.weight", "cnn_backbone.layer1.0.bn2.weight", "cnn_backbone.layer1.0.bn2.bias", "cnn_backbone.layer1.0.bn2.running_mean", "cnn_backbone.layer1.0.bn2.running_var", "cnn_backbone.layer1.1.conv1.weight", "cnn_backbone.layer1.1.bn1.weight", "cnn_backbone.layer1.1.bn1.bias", "cnn_backbone.layer1.1.bn1.running_mean", "cnn_backbone.layer1.1.bn1.running_var", "cnn_backbone.layer1.1.conv2.weight", "cnn_backbone.layer1.1.bn2.weight", "cnn_backbone.layer1.1.bn2.bias", "cnn_backbone.layer1.1.bn2.running_mean", "cnn_backbone.layer1.1.bn2.running_var", "cnn_backbone.layer2.0.conv1.weight", "cnn_backbone.layer2.0.bn1.weight", "cnn_backbone.layer2.0.bn1.bias", "cnn_backbone.layer2.0.bn1.running_mean", "cnn_backbone.layer2.0.bn1.running_var", "cnn_backbone.layer2.0.conv2.weight", "cnn_backbone.layer2.0.bn2.weight", "cnn_backbone.layer2.0.bn2.bias", "cnn_backbone.layer2.0.bn2.running_mean", "cnn_backbone.layer2.0.bn2.running_var", "cnn_backbone.layer2.0.downsample.0.weight", "cnn_backbone.layer2.0.downsample.1.weight", "cnn_backbone.layer2.0.downsample.1.bias", "cnn_backbone.layer2.0.downsample.1.running_mean", "cnn_backbone.layer2.0.downsample.1.running_var", "cnn_backbone.layer2.1.conv1.weight", "cnn_backbone.layer2.1.bn1.weight", "cnn_backbone.layer2.1.bn1.bias", "cnn_backbone.layer2.1.bn1.running_mean", "cnn_backbone.layer2.1.bn1.running_var", "cnn_backbone.layer2.1.conv2.weight", "cnn_backbone.layer2.1.bn2.weight", "cnn_backbone.layer2.1.bn2.bias", "cnn_backbone.layer2.1.bn2.running_mean", "cnn_backbone.layer2.1.bn2.running_var", "cnn_backbone.layer3.0.conv1.weight", "cnn_backbone.layer3.0.bn1.weight", "cnn_backbone.layer3.0.bn1.bias", "cnn_backbone.layer3.0.bn1.running_mean", "cnn_backbone.layer3.0.bn1.running_var", "cnn_backbone.layer3.0.conv2.weight", "cnn_backbone.layer3.0.bn2.weight", "cnn_backbone.layer3.0.bn2.bias", "cnn_backbone.layer3.0.bn2.running_mean", "cnn_backbone.layer3.0.bn2.running_var", "cnn_backbone.layer3.0.downsample.0.weight", "cnn_backbone.layer3.0.downsample.1.weight", "cnn_backbone.layer3.0.downsample.1.bias", "cnn_backbone.layer3.0.downsample.1.running_mean", "cnn_backbone.layer3.0.downsample.1.running_var", "cnn_backbone.layer3.1.conv1.weight", "cnn_backbone.layer3.1.bn1.weight", "cnn_backbone.layer3.1.bn1.bias", "cnn_backbone.layer3.1.bn1.running_mean", "cnn_backbone.layer3.1.bn1.running_var", "cnn_backbone.layer3.1.conv2.weight", "cnn_backbone.layer3.1.bn2.weight", "cnn_backbone.layer3.1.bn2.bias", "cnn_backbone.layer3.1.bn2.running_mean", "cnn_backbone.layer3.1.bn2.running_var", "cnn_backbone.layer4.0.conv1.weight", "cnn_backbone.layer4.0.bn1.weight", "cnn_backbone.layer4.0.bn1.bias", "cnn_backbone.layer4.0.bn1.running_mean", "cnn_backbone.layer4.0.bn1.running_var", "cnn_backbone.layer4.0.conv2.weight", "cnn_backbone.layer4.0.bn2.weight", "cnn_backbone.layer4.0.bn2.bias", "cnn_backbone.layer4.0.bn2.running_mean", "cnn_backbone.layer4.0.bn2.running_var", "cnn_backbone.layer4.0.downsample.0.weight", "cnn_backbone.layer4.0.downsample.1.weight", "cnn_backbone.layer4.0.downsample.1.bias", "cnn_backbone.layer4.0.downsample.1.running_mean", "cnn_backbone.layer4.0.downsample.1.running_var", "cnn_backbone.layer4.1.conv1.weight", "cnn_backbone.layer4.1.bn1.weight", "cnn_backbone.layer4.1.bn1.bias", "cnn_backbone.layer4.1.bn1.running_mean", "cnn_backbone.layer4.1.bn1.running_var", "cnn_backbone.layer4.1.conv2.weight", "cnn_backbone.layer4.1.bn2.weight", "cnn_backbone.layer4.1.bn2.bias", "cnn_backbone.layer4.1.bn2.running_mean", "cnn_backbone.layer4.1.bn2.running_var", "metadata_head.0.weight", "metadata_head.0.bias", "metadata_head.2.weight", "metadata_head.2.bias", "classifier.0.weight", "classifier.0.bias", "classifier.2.weight", "classifier.2.bias". 
	Unexpected key(s) in state_dict: "cnn.conv1.weight", "cnn.bn1.weight", "cnn.bn1.bias", "cnn.bn1.running_mean", "cnn.bn1.running_var", "cnn.bn1.num_batches_tracked", "cnn.layer1.0.conv1.weight", "cnn.layer1.0.bn1.weight", "cnn.layer1.0.bn1.bias", "cnn.layer1.0.bn1.running_mean", "cnn.layer1.0.bn1.running_var", "cnn.layer1.0.bn1.num_batches_tracked", "cnn.layer1.0.conv2.weight", "cnn.layer1.0.bn2.weight", "cnn.layer1.0.bn2.bias", "cnn.layer1.0.bn2.running_mean", "cnn.layer1.0.bn2.running_var", "cnn.layer1.0.bn2.num_batches_tracked", "cnn.layer1.1.conv1.weight", "cnn.layer1.1.bn1.weight", "cnn.layer1.1.bn1.bias", "cnn.layer1.1.bn1.running_mean", "cnn.layer1.1.bn1.running_var", "cnn.layer1.1.bn1.num_batches_tracked", "cnn.layer1.1.conv2.weight", "cnn.layer1.1.bn2.weight", "cnn.layer1.1.bn2.bias", "cnn.layer1.1.bn2.running_mean", "cnn.layer1.1.bn2.running_var", "cnn.layer1.1.bn2.num_batches_tracked", "cnn.layer2.0.conv1.weight", "cnn.layer2.0.bn1.weight", "cnn.layer2.0.bn1.bias", "cnn.layer2.0.bn1.running_mean", "cnn.layer2.0.bn1.running_var", "cnn.layer2.0.bn1.num_batches_tracked", "cnn.layer2.0.conv2.weight", "cnn.layer2.0.bn2.weight", "cnn.layer2.0.bn2.bias", "cnn.layer2.0.bn2.running_mean", "cnn.layer2.0.bn2.running_var", "cnn.layer2.0.bn2.num_batches_tracked", "cnn.layer2.0.downsample.0.weight", "cnn.layer2.0.downsample.1.weight", "cnn.layer2.0.downsample.1.bias", "cnn.layer2.0.downsample.1.running_mean", "cnn.layer2.0.downsample.1.running_var", "cnn.layer2.0.downsample.1.num_batches_tracked", "cnn.layer2.1.conv1.weight", "cnn.layer2.1.bn1.weight", "cnn.layer2.1.bn1.bias", "cnn.layer2.1.bn1.running_mean", "cnn.layer2.1.bn1.running_var", "cnn.layer2.1.bn1.num_batches_tracked", "cnn.layer2.1.conv2.weight", "cnn.layer2.1.bn2.weight", "cnn.layer2.1.bn2.bias", "cnn.layer2.1.bn2.running_mean", "cnn.layer2.1.bn2.running_var", "cnn.layer2.1.bn2.num_batches_tracked", "cnn.layer3.0.conv1.weight", "cnn.layer3.0.bn1.weight", "cnn.layer3.0.bn1.bias", "cnn.layer3.0.bn1.running_mean", "cnn.layer3.0.bn1.running_var", "cnn.layer3.0.bn1.num_batches_tracked", "cnn.layer3.0.conv2.weight", "cnn.layer3.0.bn2.weight", "cnn.layer3.0.bn2.bias", "cnn.layer3.0.bn2.running_mean", "cnn.layer3.0.bn2.running_var", "cnn.layer3.0.bn2.num_batches_tracked", "cnn.layer3.0.downsample.0.weight", "cnn.layer3.0.downsample.1.weight", "cnn.layer3.0.downsample.1.bias", "cnn.layer3.0.downsample.1.running_mean", "cnn.layer3.0.downsample.1.running_var", "cnn.layer3.0.downsample.1.num_batches_tracked", "cnn.layer3.1.conv1.weight", "cnn.layer3.1.bn1.weight", "cnn.layer3.1.bn1.bias", "cnn.layer3.1.bn1.running_mean", "cnn.layer3.1.bn1.running_var", "cnn.layer3.1.bn1.num_batches_tracked", "cnn.layer3.1.conv2.weight", "cnn.layer3.1.bn2.weight", "cnn.layer3.1.bn2.bias", "cnn.layer3.1.bn2.running_mean", "cnn.layer3.1.bn2.running_var", "cnn.layer3.1.bn2.num_batches_tracked", "cnn.layer4.0.conv1.weight", "cnn.layer4.0.bn1.weight", "cnn.layer4.0.bn1.bias", "cnn.layer4.0.bn1.running_mean", "cnn.layer4.0.bn1.running_var", "cnn.layer4.0.bn1.num_batches_tracked", "cnn.layer4.0.conv2.weight", "cnn.layer4.0.bn2.weight", "cnn.layer4.0.bn2.bias", "cnn.layer4.0.bn2.running_mean", "cnn.layer4.0.bn2.running_var", "cnn.layer4.0.bn2.num_batches_tracked", "cnn.layer4.0.downsample.0.weight", "cnn.layer4.0.downsample.1.weight", "cnn.layer4.0.downsample.1.bias", "cnn.layer4.0.downsample.1.running_mean", "cnn.layer4.0.downsample.1.running_var", "cnn.layer4.0.downsample.1.num_batches_tracked", "cnn.layer4.1.conv1.weight", "cnn.layer4.1.bn1.weight", "cnn.layer4.1.bn1.bias", "cnn.layer4.1.bn1.running_mean", "cnn.layer4.1.bn1.running_var", "cnn.layer4.1.bn1.num_batches_tracked", "cnn.layer4.1.conv2.weight", "cnn.layer4.1.bn2.weight", "cnn.layer4.1.bn2.bias", "cnn.layer4.1.bn2.running_mean", "cnn.layer4.1.bn2.running_var", "cnn.layer4.1.bn2.num_batches_tracked", "loc_emb.weight", "fc.0.weight", "fc.0.bias", "fc.3.weight", "fc.3.bias". 
2025-12-08 14:49:38,392 - skin_cancer_model - INFO - Journaliseur du package skin_cancer_model initialisé (v0.0.1).
2025-12-08 14:49:38,392 - skin_cancer_model.__init__ - INFO - Journaliseur du package skin_cancer_model.__init__ initialisé (v0.0.1).
2025-12-08 14:49:44,710 - skin_cancer_model.__init__ - ERROR - Erreur inattendue lors du chargement du modèle: Error(s) in loading state_dict for SkinCancerModel:
	Missing key(s) in state_dict: "metadata_head.0.weight", "metadata_head.0.bias", "metadata_head.2.weight", "metadata_head.2.bias", "classifier.0.weight", "classifier.0.bias", "classifier.2.weight", "classifier.2.bias". 
	Unexpected key(s) in state_dict: "loc_emb.weight", "fc.0.weight", "fc.0.bias", "fc.3.weight", "fc.3.bias". 
2025-12-08 14:55:22,782 - skin_cancer_model - INFO - Journaliseur du package skin_cancer_model initialisé (v0.0.1).
2025-12-08 14:55:22,789 - skin_cancer_model.__init__ - INFO - Journaliseur du package skin_cancer_model.__init__ initialisé (v0.0.1).
2025-12-08 14:55:28,538 - skin_cancer_model.__init__ - ERROR - Erreur inattendue lors du chargement du modèle: Error(s) in loading state_dict for SkinCancerModel:
	Missing key(s) in state_dict: "loc_emb.0.weight", "loc_emb.0.bias", "loc_emb.2.weight", "loc_emb.2.bias", "fc.2.weight", "fc.2.bias". 
	Unexpected key(s) in state_dict: "loc_emb.weight", "fc.3.weight", "fc.3.bias". 
	size mismatch for fc.0.weight: copying a param with shape torch.Size([256, 522]) from checkpoint, the shape in current model is torch.Size([64, 528]).
	size mismatch for fc.0.bias: copying a param with shape torch.Size([256]) from checkpoint, the shape in current model is torch.Size([64]).
2025-12-08 14:59:27,509 - skin_cancer_model - INFO - Journaliseur du package skin_cancer_model initialisé (v0.0.1).
2025-12-08 14:59:27,509 - skin_cancer_model.__init__ - INFO - Journaliseur du package skin_cancer_model.__init__ initialisé (v0.0.1).
2025-12-08 14:59:33,632 - skin_cancer_model.__init__ - ERROR - Erreur inattendue lors du chargement du modèle: Error(s) in loading state_dict for SkinCancerModel:
	Missing key(s) in state_dict: "loc_emb.0.weight", "loc_emb.0.bias", "loc_emb.2.weight", "loc_emb.2.bias", "fc.2.weight", "fc.2.bias". 
	Unexpected key(s) in state_dict: "loc_emb.weight", "fc.3.weight", "fc.3.bias". 
2025-12-08 15:08:18,294 - skin_cancer_model - INFO - Journaliseur du package skin_cancer_model initialisé (v0.0.1).
2025-12-08 15:08:18,309 - skin_cancer_model.__init__ - INFO - Journaliseur du package skin_cancer_model.__init__ initialisé (v0.0.1).
2025-12-08 15:08:24,141 - skin_cancer_model.__init__ - ERROR - Erreur inattendue lors du chargement du modèle: Error(s) in loading state_dict for SkinCancerModel:
	size mismatch for loc_emb.weight: copying a param with shape torch.Size([15, 8]) from checkpoint, the shape in current model is torch.Size([10, 3]).
2025-12-08 15:18:24,124 - skin_cancer_model - INFO - Journaliseur du package skin_cancer_model initialisé (v0.0.1).
2025-12-08 15:18:24,124 - skin_cancer_model.__init__ - INFO - Journaliseur du package skin_cancer_model.__init__ initialisé (v0.0.1).
2025-12-08 15:18:29,254 - skin_cancer_model.__init__ - ERROR - Erreur inattendue lors du chargement du modèle: Error(s) in loading state_dict for SkinCancerModel:
	size mismatch for fc.0.weight: copying a param with shape torch.Size([256, 522]) from checkpoint, the shape in current model is torch.Size([256, 527]).
2025-12-08 15:20:53,030 - skin_cancer_model - INFO - Journaliseur du package skin_cancer_model initialisé (v0.0.1).
2025-12-08 15:20:53,030 - skin_cancer_model.__init__ - INFO - Journaliseur du package skin_cancer_model.__init__ initialisé (v0.0.1).
2025-12-08 15:20:58,776 - skin_cancer_model.__init__ - ERROR - Erreur inattendue lors du chargement du modèle: Error(s) in loading state_dict for SkinCancerModel:
	size mismatch for loc_emb.weight: copying a param with shape torch.Size([15, 8]) from checkpoint, the shape in current model is torch.Size([10, 8]).
2025-12-08 15:24:10,189 - skin_cancer_model - INFO - Journaliseur du package skin_cancer_model initialisé (v0.0.1).
2025-12-08 15:24:10,205 - skin_cancer_model.__init__ - INFO - Journaliseur du package skin_cancer_model.__init__ initialisé (v0.0.1).
2025-12-08 15:24:15,505 - skin_cancer_model.__init__ - ERROR - Erreur inattendue lors du chargement du modèle: Error(s) in loading state_dict for SkinCancerModel:
	size mismatch for fc.0.weight: copying a param with shape torch.Size([256, 522]) from checkpoint, the shape in current model is torch.Size([256, 527]).
2025-12-08 15:28:27,462 - skin_cancer_model - INFO - Journaliseur du package skin_cancer_model initialisé (v0.0.1).
2025-12-08 15:28:27,478 - skin_cancer_model.__init__ - INFO - Journaliseur du package skin_cancer_model.__init__ initialisé (v0.0.1).
2025-12-08 15:28:33,591 - skin_cancer_model.__init__ - ERROR - Erreur inattendue lors du chargement du modèle: Error(s) in loading state_dict for SkinCancerModel:
	size mismatch for loc_emb.weight: copying a param with shape torch.Size([15, 8]) from checkpoint, the shape in current model is torch.Size([10, 8]).
2025-12-08 15:33:00,146 - skin_cancer_model - INFO - Journaliseur du package skin_cancer_model initialisé (v0.0.1).
2025-12-08 15:33:00,153 - skin_cancer_model.__init__ - INFO - Journaliseur du package skin_cancer_model.__init__ initialisé (v0.0.1).
2025-12-08 15:33:06,457 - skin_cancer_model.__init__ - WARNING - Ignorant la clé en conflit: loc_emb.weight (Dimensions: 10 vs 15).
2025-12-08 15:33:06,490 - skin_cancer_model.__init__ - INFO - Modèle PyTorch v0.0.1 chargé avec succès (Ignorance des clés en conflit).
2025-12-08 15:33:16,802 - skin_cancer_model - INFO - Journaliseur du package skin_cancer_model initialisé (v0.0.1).
2025-12-08 15:33:16,813 - skin_cancer_model.__init__ - INFO - Journaliseur du package skin_cancer_model.__init__ initialisé (v0.0.1).
2025-12-08 15:33:24,110 - skin_cancer_model.__init__ - WARNING - Ignorant la clé en conflit: loc_emb.weight (Dimensions: 10 vs 15).
2025-12-08 15:33:24,131 - skin_cancer_model.__init__ - INFO - Modèle PyTorch v0.0.1 chargé avec succès (Ignorance des clés en conflit).
2025-12-08 15:33:40,064 - skin_cancer_model.__init__ - INFO - Vérification et normalisation de l'image réussies.
2025-12-08 15:34:10,800 - skin_cancer_model.__init__ - INFO - Vérification et normalisation de l'image réussies.
2025-12-08 15:34:32,812 - skin_cancer_model.__init__ - INFO - Vérification et normalisation de l'image réussies.
2025-12-08 18:36:37,921 - skin_cancer_model - INFO - Journaliseur du package skin_cancer_model initialisé (v0.0.1).
2025-12-08 18:36:37,946 - skin_cancer_model.__init__ - INFO - Journaliseur du package skin_cancer_model.__init__ initialisé (v0.0.1).
2025-12-08 18:36:50,283 - skin_cancer_model.__init__ - INFO - Modèle PyTorch v0.0.1 chargé avec succès (Meta-proj initialisé aléatoirement).
2025-12-08 18:36:56,555 - skin_cancer_model - INFO - Journaliseur du package skin_cancer_model initialisé (v0.0.1).
2025-12-08 18:36:56,560 - skin_cancer_model.__init__ - INFO - Journaliseur du package skin_cancer_model.__init__ initialisé (v0.0.1).
2025-12-08 18:37:03,339 - skin_cancer_model.__init__ - INFO - Modèle PyTorch v0.0.1 chargé avec succès (Meta-proj initialisé aléatoirement).
2025-12-08 18:38:42,734 - skin_cancer_model.__init__ - INFO - Vérification et normalisation de l'image réussies.
2025-12-08 18:39:22,696 - skin_cancer_model.__init__ - INFO - Vérification et normalisation de l'image réussies.
2025-12-08 18:39:45,960 - skin_cancer_model.__init__ - INFO - Vérification et normalisation de l'image réussies.
2025-12-08 18:40:18,231 - skin_cancer_model.__init__ - INFO - Vérification et normalisation de l'image réussies.
2025-12-08 18:40:33,930 - skin_cancer_model.__init__ - INFO - Vérification et normalisation de l'image réussies.
2025-12-08 18:40:57,838 - skin_cancer_model.__init__ - INFO - Vérification et normalisation de l'image réussies.
2025-12-08 18:41:12,562 - skin_cancer_model.__init__ - INFO - Vérification et normalisation de l'image réussies.
2025-12-08 18:41:27,420 - skin_cancer_model.__init__ - INFO - Vérification et normalisation de l'image réussies.
2025-12-08 18:41:44,058 - skin_cancer_model.__init__ - INFO - Vérification et normalisation de l'image réussies.
2025-12-08 18:42:09,081 - skin_cancer_model.__init__ - INFO - Vérification et normalisation de l'image réussies.
2025-12-08 18:43:30,670 - skin_cancer_model.__init__ - INFO - Vérification et normalisation de l'image réussies.
2025-12-08 18:44:08,971 - skin_cancer_model.__init__ - INFO - Vérification et normalisation de l'image réussies.
2025-12-08 18:44:39,990 - skin_cancer_model.__init__ - INFO - Vérification et normalisation de l'image réussies.
2025-12-08 18:45:01,395 - skin_cancer_model.__init__ - INFO - Vérification et normalisation de l'image réussies.
2025-12-08 18:45:25,525 - skin_cancer_model.__init__ - INFO - Vérification et normalisation de l'image réussies.
2025-12-08 18:46:01,094 - skin_cancer_model.__init__ - INFO - Vérification et normalisation de l'image réussies.
2025-12-08 18:47:08,865 - skin_cancer_model.__init__ - INFO - Vérification et normalisation de l'image réussies.
2025-12-08 18:49:20,588 - skin_cancer_model.__init__ - INFO - Vérification et normalisation de l'image réussies.
2025-12-08 18:50:57,358 - skin_cancer_model.__init__ - INFO - Vérification et normalisation de l'image réussies.
2025-12-08 18:52:49,665 - skin_cancer_model - INFO - Journaliseur du package skin_cancer_model initialisé (v0.0.1).
2025-12-08 18:52:49,691 - skin_cancer_model.__init__ - INFO - Journaliseur du package skin_cancer_model.__init__ initialisé (v0.0.1).
2025-12-08 18:53:02,978 - skin_cancer_model.__init__ - INFO - Modèle PyTorch v0.0.1 chargé avec succès (Meta-proj initialisé aléatoirement).
2025-12-08 18:53:13,991 - skin_cancer_model - INFO - Journaliseur du package skin_cancer_model initialisé (v0.0.1).
2025-12-08 18:53:13,991 - skin_cancer_model.__init__ - INFO - Journaliseur du package skin_cancer_model.__init__ initialisé (v0.0.1).
2025-12-08 18:53:18,804 - skin_cancer_model.__init__ - INFO - Modèle PyTorch v0.0.1 chargé avec succès (Meta-proj initialisé aléatoirement).
2025-12-08 18:54:03,843 - skin_cancer_model - INFO - Journaliseur du package skin_cancer_model initialisé (v0.0.1).
2025-12-08 18:54:03,843 - skin_cancer_model.__init__ - INFO - Journaliseur du package skin_cancer_model.__init__ initialisé (v0.0.1).
2025-12-08 18:54:20,913 - skin_cancer_model - INFO - Journaliseur du package skin_cancer_model initialisé (v0.0.1).
2025-12-08 18:54:20,928 - skin_cancer_model.__init__ - INFO - Journaliseur du package skin_cancer_model.__init__ initialisé (v0.0.1).
2025-12-08 18:54:24,137 - skin_cancer_model.__init__ - INFO - Modèle PyTorch v0.0.1 chargé avec succès (Meta-proj initialisé aléatoirement).
2025-12-08 18:54:30,188 - skin_cancer_model - INFO - Journaliseur du package skin_cancer_model initialisé (v0.0.1).
2025-12-08 18:54:30,194 - skin_cancer_model.__init__ - INFO - Journaliseur du package skin_cancer_model.__init__ initialisé (v0.0.1).
2025-12-08 18:54:37,756 - skin_cancer_model.__init__ - INFO - Modèle PyTorch v0.0.1 chargé avec succès (Meta-proj initialisé aléatoirement).
2025-12-08 18:54:53,440 - skin_cancer_model.__init__ - INFO - Vérification et normalisation de l'image réussies.
2025-12-08 18:55:06,433 - skin_cancer_model.__init__ - INFO - Vérification et normalisation de l'image réussies.
2025-12-08 18:55:35,170 - skin_cancer_model.__init__ - INFO - Vérification et normalisation de l'image réussies.
2025-12-08 18:55:55,693 - skin_cancer_model.__init__ - INFO - Vérification et normalisation de l'image réussies.
2025-12-08 18:55:55,818 - skin_cancer_model.__init__ - INFO - Vérification et normalisation de l'image réussies.
2025-12-08 18:56:12,956 - skin_cancer_model.__init__ - INFO - Vérification et normalisation de l'image réussies.
2025-12-08 18:56:27,115 - skin_cancer_model.__init__ - INFO - Vérification et normalisation de l'image réussies.
2025-12-08 18:56:39,955 - skin_cancer_model.__init__ - INFO - Vérification et normalisation de l'image réussies.
2025-12-08 18:56:51,742 - skin_cancer_model.__init__ - INFO - Vérification et normalisation de l'image réussies.
2025-12-08 18:57:03,796 - skin_cancer_model.__init__ - INFO - Vérification et normalisation de l'image réussies.
2025-12-08 19:00:07,754 - skin_cancer_model.__init__ - INFO - Vérification et normalisation de l'image réussies.
2025-12-08 19:04:09,021 - skin_cancer_model - INFO - Journaliseur du package skin_cancer_model initialisé (v0.0.1).
2025-12-08 19:04:09,037 - skin_cancer_model.__init__ - INFO - Journaliseur du package skin_cancer_model.__init__ initialisé (v0.0.1).
2025-12-08 19:04:14,149 - skin_cancer_model.__init__ - INFO - Modèle PyTorch v0.0.1 chargé avec succès (Meta-proj initialisé aléatoirement).
2025-12-08 19:04:22,459 - skin_cancer_model - INFO - Journaliseur du package skin_cancer_model initialisé (v0.0.1).
2025-12-08 19:04:22,459 - skin_cancer_model.__init__ - INFO - Journaliseur du package skin_cancer_model.__init__ initialisé (v0.0.1).
2025-12-08 19:04:27,622 - skin_cancer_model.__init__ - INFO - Modèle PyTorch v0.0.1 chargé avec succès (Meta-proj initialisé aléatoirement).
2025-12-08 19:04:47,915 - skin_cancer_model.__init__ - INFO - Vérification et normalisation de l'image réussies.
2025-12-08 19:05:00,223 - skin_cancer_model.__init__ - INFO - Vérification et normalisation de l'image réussies.
2025-12-08 19:05:13,050 - skin_cancer_model.__init__ - INFO - Vérification et normalisation de l'image réussies.
2025-12-08 19:05:26,478 - skin_cancer_model.__init__ - INFO - Vérification et normalisation de l'image réussies.
2025-12-08 19:05:50,837 - skin_cancer_model - INFO - Journaliseur du package skin_cancer_model initialisé (v0.0.1).
2025-12-08 19:05:50,846 - skin_cancer_model.__init__ - INFO - Journaliseur du package skin_cancer_model.__init__ initialisé (v0.0.1).
2025-12-08 19:05:56,537 - skin_cancer_model.__init__ - INFO - Modèle PyTorch v0.0.1 chargé avec succès (Meta-proj initialisé aléatoirement).
2025-12-08 19:06:06,138 - skin_cancer_model - INFO - Journaliseur du package skin_cancer_model initialisé (v0.0.1).
2025-12-08 19:06:06,152 - skin_cancer_model.__init__ - INFO - Journaliseur du package skin_cancer_model.__init__ initialisé (v0.0.1).
2025-12-08 19:06:13,524 - skin_cancer_model.__init__ - INFO - Modèle PyTorch v0.0.1 chargé avec succès (Meta-proj initialisé aléatoirement).
2025-12-08 19:06:24,725 - skin_cancer_model.__init__ - INFO - Vérification et normalisation de l'image réussies.
2025-12-08 19:06:37,613 - skin_cancer_model.__init__ - INFO - Vérification et normalisation de l'image réussies.
2025-12-08 19:08:19,987 - skin_cancer_model - INFO - Journaliseur du package skin_cancer_model initialisé (v0.0.1).
2025-12-08 19:08:19,987 - skin_cancer_model.__init__ - INFO - Journaliseur du package skin_cancer_model.__init__ initialisé (v0.0.1).
2025-12-08 19:08:26,027 - skin_cancer_model.__init__ - INFO - Modèle PyTorch v0.0.1 chargé avec succès (Meta-proj initialisé aléatoirement).
2025-12-08 19:08:34,792 - skin_cancer_model - INFO - Journaliseur du package skin_cancer_model initialisé (v0.0.1).
2025-12-08 19:08:34,802 - skin_cancer_model.__init__ - INFO - Journaliseur du package skin_cancer_model.__init__ initialisé (v0.0.1).
2025-12-08 19:08:40,498 - skin_cancer_model.__init__ - INFO - Modèle PyTorch v0.0.1 chargé avec succès (Meta-proj initialisé aléatoirement).
2025-12-08 19:08:50,468 - skin_cancer_model.__init__ - INFO - Vérification et normalisation de l'image réussies.
2025-12-08 19:09:01,660 - skin_cancer_model.__init__ - INFO - Vérification et normalisation de l'image réussies.
2025-12-08 19:09:12,479 - skin_cancer_model.__init__ - INFO - Vérification et normalisation de l'image réussies.
2025-12-08 19:10:27,420 - skin_cancer_model.__init__ - INFO - Vérification et normalisation de l'image réussies.
2025-12-08 19:10:49,033 - skin_cancer_model.__init__ - INFO - Vérification et normalisation de l'image réussies.
2025-12-08 19:11:28,336 - skin_cancer_model.__init__ - INFO - Vérification et normalisation de l'image réussies.
2025-12-08 19:11:44,522 - skin_cancer_model.__init__ - INFO - Vérification et normalisation de l'image réussies.
2025-12-08 19:12:12,817 - skin_cancer_model.__init__ - INFO - Vérification et normalisation de l'image réussies.
2025-12-08 19:12:30,057 - skin_cancer_model.__init__ - INFO - Vérification et normalisation de l'image réussies.
2025-12-08 19:12:45,369 - skin_cancer_model.__init__ - INFO - Vérification et normalisation de l'image réussies.
2025-12-08 19:12:58,693 - skin_cancer_model.__init__ - INFO - Vérification et normalisation de l'image réussies.
2025-12-09 13:44:20,544 - skin_cancer_model - INFO - Journaliseur du package skin_cancer_model initialisé (v0.0.1).
2025-12-09 13:44:20,575 - skin_cancer_model.__init__ - INFO - Journaliseur du package skin_cancer_model.__init__ initialisé (v0.0.1).
2025-12-09 13:47:04,557 - skin_cancer_model - INFO - Journaliseur du package skin_cancer_model initialisé (v0.0.1).
2025-12-09 13:47:04,557 - skin_cancer_model.__init__ - INFO - Journaliseur du package skin_cancer_model.__init__ initialisé (v0.0.1).
2025-12-09 13:47:05,970 - skin_cancer_model.__init__ - ERROR - Erreur inattendue lors du chargement du modèle: ResNet.__init__() got an unexpected keyword argument 'weights'
2025-12-09 13:57:09,327 - skin_cancer_model - INFO - Journaliseur du package skin_cancer_model initialisé (v0.0.1).
2025-12-09 13:57:09,334 - skin_cancer_model.__init__ - INFO - Journaliseur du package skin_cancer_model.__init__ initialisé (v0.0.1).
2025-12-09 13:57:10,209 - skin_cancer_model.__init__ - ERROR - Erreur inattendue lors du chargement du modèle: ModuleList.extend should be called with an iterable, but got ResNet
2025-12-09 14:04:10,984 - skin_cancer_model - INFO - Journaliseur du package skin_cancer_model initialisé (v0.0.1).
2025-12-09 14:04:10,999 - skin_cancer_model.__init__ - INFO - Journaliseur du package skin_cancer_model.__init__ initialisé (v0.0.1).
2025-12-09 14:04:11,218 - skin_cancer_model.__init__ - WARNING - Échec du chargement ResNet direct: cannot import name '_cast_Long' from 'torch.onnx.symbolic_opset9' (C:\Users\yvonne\anaconda3\envs\A61-2025\Lib\site-packages\torch\onnx\symbolic_opset9.py). Tentative de construction CNN manuelle.
2025-12-09 14:04:12,300 - skin_cancer_model.__init__ - INFO - Modèle PyTorch v0.0.1 chargé avec succès (Meta-proj initialisé aléatoirement).
2025-12-09 14:08:56,875 - skin_cancer_model - INFO - Journaliseur du package skin_cancer_model initialisé (v0.0.1).
2025-12-09 14:08:56,880 - skin_cancer_model.__init__ - INFO - Journaliseur du package skin_cancer_model.__init__ initialisé (v0.0.1).
2025-12-09 14:08:57,246 - skin_cancer_model.__init__ - WARNING - Échec du chargement ResNet direct: cannot import name '_cast_Long' from 'torch.onnx.symbolic_opset9' (C:\Users\yvonne\anaconda3\envs\A61-2025\Lib\site-packages\torch\onnx\symbolic_opset9.py). Tentative de construction CNN manuelle.
2025-12-09 14:08:57,975 - skin_cancer_model.__init__ - INFO - Modèle PyTorch v0.0.1 chargé avec succès (Meta-proj initialisé aléatoirement).
